Compiling the C compiler identification source file "CMakeCCompilerId.c" failed.
Compiler: /Library/Developer/CommandLineTools/usr/bin/cc 
Build flags: 
Id flags:  

The output was:
1
ld: library not found for -lSystem
clang: error: linker command failed with exit code 1 (use -v to see invocation)


Compiling the CXX compiler identification source file "CMakeCXXCompilerId.cpp" failed.
Compiler: /Library/Developer/CommandLineTools/usr/bin/c++ 
Build flags: 
Id flags:  

The output was:
1
ld: library not found for -lc++
clang: error: linker command failed with exit code 1 (use -v to see invocation)


Determining if the function sgemm_ exists failed with the following output:
Change Dir: /Users/bj/CLionProjects/scHiCtest/cmake-build-debug/CMakeFiles/CMakeTmp

Run Build Command(s):/usr/bin/make cmTC_6bc8c/fast && /Library/Developer/CommandLineTools/usr/bin/make  -f CMakeFiles/cmTC_6bc8c.dir/build.make CMakeFiles/cmTC_6bc8c.dir/build
Building C object CMakeFiles/cmTC_6bc8c.dir/CheckFunctionExists.c.o
/Library/Developer/CommandLineTools/usr/bin/cc   -DCHECK_FUNCTION_EXISTS=sgemm_ -isysroot /Library/Developer/CommandLineTools/SDKs/MacOSX10.15.sdk   -o CMakeFiles/cmTC_6bc8c.dir/CheckFunctionExists.c.o   -c /Applications/CLion.app/Contents/bin/cmake/mac/share/cmake-3.17/Modules/CheckFunctionExists.c
Linking C executable cmTC_6bc8c
/Applications/CLion.app/Contents/bin/cmake/mac/bin/cmake -E cmake_link_script CMakeFiles/cmTC_6bc8c.dir/link.txt --verbose=1
/Library/Developer/CommandLineTools/usr/bin/cc  -DCHECK_FUNCTION_EXISTS=sgemm_ -isysroot /Library/Developer/CommandLineTools/SDKs/MacOSX10.15.sdk -Wl,-search_paths_first -Wl,-headerpad_max_install_names   CMakeFiles/cmTC_6bc8c.dir/CheckFunctionExists.c.o  -o cmTC_6bc8c 
Undefined symbols for architecture x86_64:
  "_sgemm_", referenced from:
      _main in CheckFunctionExists.c.o
ld: symbol(s) not found for architecture x86_64
clang: error: linker command failed with exit code 1 (use -v to see invocation)
make[1]: *** [cmTC_6bc8c] Error 1
make: *** [cmTC_6bc8c/fast] Error 2



Compiling the C compiler identification source file "CMakeCCompilerId.c" failed.
Compiler: /Library/Developer/CommandLineTools/usr/bin/cc 
Build flags: 
Id flags:  

The output was:
1
ld: library not found for -lSystem
clang: error: linker command failed with exit code 1 (use -v to see invocation)


Compiling the CXX compiler identification source file "CMakeCXXCompilerId.cpp" failed.
Compiler: /Library/Developer/CommandLineTools/usr/bin/c++ 
Build flags: 
Id flags:  

The output was:
1
ld: library not found for -lc++
clang: error: linker command failed with exit code 1 (use -v to see invocation)


Determining if the function sgemm_ exists failed with the following output:
Change Dir: /Users/bj/CLionProjects/scHiCtools/cmake-build-debug/CMakeFiles/CMakeTmp

Run Build Command(s):/usr/bin/make cmTC_a6598/fast && /Library/Developer/CommandLineTools/usr/bin/make  -f CMakeFiles/cmTC_a6598.dir/build.make CMakeFiles/cmTC_a6598.dir/build
Building C object CMakeFiles/cmTC_a6598.dir/CheckFunctionExists.c.o
/Library/Developer/CommandLineTools/usr/bin/cc   -DCHECK_FUNCTION_EXISTS=sgemm_ -isysroot /Library/Developer/CommandLineTools/SDKs/MacOSX10.15.sdk   -o CMakeFiles/cmTC_a6598.dir/CheckFunctionExists.c.o   -c /Applications/CLion.app/Contents/bin/cmake/mac/share/cmake-3.17/Modules/CheckFunctionExists.c
Linking C executable cmTC_a6598
/Applications/CLion.app/Contents/bin/cmake/mac/bin/cmake -E cmake_link_script CMakeFiles/cmTC_a6598.dir/link.txt --verbose=1
/Library/Developer/CommandLineTools/usr/bin/cc  -DCHECK_FUNCTION_EXISTS=sgemm_ -isysroot /Library/Developer/CommandLineTools/SDKs/MacOSX10.15.sdk -Wl,-search_paths_first -Wl,-headerpad_max_install_names   CMakeFiles/cmTC_a6598.dir/CheckFunctionExists.c.o  -o cmTC_a6598 
Undefined symbols for architecture x86_64:
  "_sgemm_", referenced from:
      _main in CheckFunctionExists.c.o
ld: symbol(s) not found for architecture x86_64
clang: error: linker command failed with exit code 1 (use -v to see invocation)
make[1]: *** [cmTC_a6598] Error 1
make: *** [cmTC_a6598/fast] Error 2



Compiling the C compiler identification source file "CMakeCCompilerId.c" failed.
Compiler: /Library/Developer/CommandLineTools/usr/bin/cc 
Build flags: 
Id flags:  

The output was:
1
ld: library not found for -lSystem
clang: error: linker command failed with exit code 1 (use -v to see invocation)


Compiling the CXX compiler identification source file "CMakeCXXCompilerId.cpp" failed.
Compiler: /Library/Developer/CommandLineTools/usr/bin/c++ 
Build flags: 
Id flags:  

The output was:
1
ld: library not found for -lc++
clang: error: linker command failed with exit code 1 (use -v to see invocation)


Determining if the function sgemm_ exists failed with the following output:
Change Dir: /Users/bj/CLionProjects/scHiCtools/cmake-build-debug/CMakeFiles/CMakeTmp

Run Build Command(s):/usr/bin/make cmTC_5f58e/fast && /Library/Developer/CommandLineTools/usr/bin/make  -f CMakeFiles/cmTC_5f58e.dir/build.make CMakeFiles/cmTC_5f58e.dir/build
Building C object CMakeFiles/cmTC_5f58e.dir/CheckFunctionExists.c.o
/Library/Developer/CommandLineTools/usr/bin/cc   -DCHECK_FUNCTION_EXISTS=sgemm_ -isysroot /Library/Developer/CommandLineTools/SDKs/MacOSX10.15.sdk   -o CMakeFiles/cmTC_5f58e.dir/CheckFunctionExists.c.o   -c /Applications/CLion.app/Contents/bin/cmake/mac/share/cmake-3.17/Modules/CheckFunctionExists.c
Linking C executable cmTC_5f58e
/Applications/CLion.app/Contents/bin/cmake/mac/bin/cmake -E cmake_link_script CMakeFiles/cmTC_5f58e.dir/link.txt --verbose=1
/Library/Developer/CommandLineTools/usr/bin/cc  -DCHECK_FUNCTION_EXISTS=sgemm_ -isysroot /Library/Developer/CommandLineTools/SDKs/MacOSX10.15.sdk -Wl,-search_paths_first -Wl,-headerpad_max_install_names   CMakeFiles/cmTC_5f58e.dir/CheckFunctionExists.c.o  -o cmTC_5f58e 
Undefined symbols for architecture x86_64:
  "_sgemm_", referenced from:
      _main in CheckFunctionExists.c.o
ld: symbol(s) not found for architecture x86_64
clang: error: linker command failed with exit code 1 (use -v to see invocation)
make[1]: *** [cmTC_5f58e] Error 1
make: *** [cmTC_5f58e/fast] Error 2



Determining if the function sgemm_ exists failed with the following output:
Change Dir: /home/hongxi/scHiCTools/cmake-build-debug/CMakeFiles/CMakeTmp

Run Build Command(s):/usr/bin/gmake cmTC_db573/fast && /usr/bin/gmake  -f CMakeFiles/cmTC_db573.dir/build.make CMakeFiles/cmTC_db573.dir/build
gmake[1]: Entering directory `/home/hongxi/scHiCTools/cmake-build-debug/CMakeFiles/CMakeTmp'
Building C object CMakeFiles/cmTC_db573.dir/CheckFunctionExists.c.o
/home/hongxi/anaconda3/bin/cc   -DCHECK_FUNCTION_EXISTS=sgemm_ -o CMakeFiles/cmTC_db573.dir/CheckFunctionExists.c.o -c /opt/cmake/3.19.3/share/cmake-3.19/Modules/CheckFunctionExists.c
Linking C executable cmTC_db573
/opt/cmake/3.19.3/bin/cmake -E cmake_link_script CMakeFiles/cmTC_db573.dir/link.txt --verbose=1
/home/hongxi/anaconda3/bin/cc  -DCHECK_FUNCTION_EXISTS=sgemm_ CMakeFiles/cmTC_db573.dir/CheckFunctionExists.c.o -o cmTC_db573 
CMakeFiles/cmTC_db573.dir/CheckFunctionExists.c.o: In function `main':
CheckFunctionExists.c:(.text+0x10): undefined reference to `sgemm_'
collect2: error: ld returned 1 exit status
gmake[1]: *** [cmTC_db573] Error 1
gmake[1]: Leaving directory `/home/hongxi/scHiCTools/cmake-build-debug/CMakeFiles/CMakeTmp'
gmake: *** [cmTC_db573/fast] Error 2



Performing C SOURCE FILE Test CMAKE_HAVE_LIBC_PTHREAD failed with the following output:
Change Dir: /home/hongxi/scHiCTools/cmake-build-debug/CMakeFiles/CMakeTmp

Run Build Command(s):/usr/bin/gmake cmTC_24b1a/fast && /usr/bin/gmake  -f CMakeFiles/cmTC_24b1a.dir/build.make CMakeFiles/cmTC_24b1a.dir/build
gmake[1]: Entering directory `/home/hongxi/scHiCTools/cmake-build-debug/CMakeFiles/CMakeTmp'
Building C object CMakeFiles/cmTC_24b1a.dir/src.c.o
/home/hongxi/anaconda3/bin/cc -DCMAKE_HAVE_LIBC_PTHREAD   -o CMakeFiles/cmTC_24b1a.dir/src.c.o -c /home/hongxi/scHiCTools/cmake-build-debug/CMakeFiles/CMakeTmp/src.c
Linking C executable cmTC_24b1a
/opt/cmake/3.19.3/bin/cmake -E cmake_link_script CMakeFiles/cmTC_24b1a.dir/link.txt --verbose=1
/home/hongxi/anaconda3/bin/cc CMakeFiles/cmTC_24b1a.dir/src.c.o -o cmTC_24b1a 
CMakeFiles/cmTC_24b1a.dir/src.c.o: In function `main':
src.c:(.text+0x2d): undefined reference to `pthread_create'
src.c:(.text+0x39): undefined reference to `pthread_detach'
src.c:(.text+0x45): undefined reference to `pthread_cancel'
src.c:(.text+0x56): undefined reference to `pthread_join'
src.c:(.text+0x6a): undefined reference to `pthread_atfork'
collect2: error: ld returned 1 exit status
gmake[1]: *** [cmTC_24b1a] Error 1
gmake[1]: Leaving directory `/home/hongxi/scHiCTools/cmake-build-debug/CMakeFiles/CMakeTmp'
gmake: *** [cmTC_24b1a/fast] Error 2


Source file was:
#include <pthread.h>

static void* test_func(void* data)
{
  return data;
}

int main(void)
{
  pthread_t thread;
  pthread_create(&thread, NULL, test_func, NULL);
  pthread_detach(thread);
  pthread_cancel(thread);
  pthread_join(thread, NULL);
  pthread_atfork(NULL, NULL, NULL);
  pthread_exit(NULL);

  return 0;
}

Determining if the function pthread_create exists in the pthreads failed with the following output:
Change Dir: /home/hongxi/scHiCTools/cmake-build-debug/CMakeFiles/CMakeTmp

Run Build Command(s):/usr/bin/gmake cmTC_8b2d1/fast && /usr/bin/gmake  -f CMakeFiles/cmTC_8b2d1.dir/build.make CMakeFiles/cmTC_8b2d1.dir/build
gmake[1]: Entering directory `/home/hongxi/scHiCTools/cmake-build-debug/CMakeFiles/CMakeTmp'
Building C object CMakeFiles/cmTC_8b2d1.dir/CheckFunctionExists.c.o
/home/hongxi/anaconda3/bin/cc   -DCHECK_FUNCTION_EXISTS=pthread_create -o CMakeFiles/cmTC_8b2d1.dir/CheckFunctionExists.c.o -c /opt/cmake/3.19.3/share/cmake-3.19/Modules/CheckFunctionExists.c
Linking C executable cmTC_8b2d1
/opt/cmake/3.19.3/bin/cmake -E cmake_link_script CMakeFiles/cmTC_8b2d1.dir/link.txt --verbose=1
/home/hongxi/anaconda3/bin/cc  -DCHECK_FUNCTION_EXISTS=pthread_create CMakeFiles/cmTC_8b2d1.dir/CheckFunctionExists.c.o -o cmTC_8b2d1  -lpthreads 
/usr/bin/ld: cannot find -lpthreads
collect2: error: ld returned 1 exit status
gmake[1]: *** [cmTC_8b2d1] Error 1
gmake[1]: Leaving directory `/home/hongxi/scHiCTools/cmake-build-debug/CMakeFiles/CMakeTmp'
gmake: *** [cmTC_8b2d1/fast] Error 2



